<?xml version="1.0" encoding="UTF-8"?>
<!-- Generated by org.testng.reporters.JUnitReportReporter -->
<testsuite hostname="Thoushika" failures="1" tests="4" name="com.runner.RunnerFile" time="36.373" errors="0" timestamp="2025-04-07T17:19:21 IST" skipped="0">
  <testcase classname="com.runner.RunnerFile" name="runScenario" time="10.385"/>
  <testcase classname="com.runner.RunnerFile" name="runScenario" time="12.849">
    <failure type="java.lang.AssertionError">
      <![CDATA[java.lang.AssertionError
at com.definitions.WishlistDefinitions.the_product_should_be_present_in_the_wishlist(WishlistDefinitions.java:47)
at ✽.the product "3rd Album" should be present in the wishlist(file:///C:/Users/thous/git/DemoWebShopProject/com.DemoWebShopProject/src/test/resources/AddToWishlist.feature:8)
]]>
    </failure>
  </testcase> <!-- runScenario -->
  <testcase classname="com.runner.RunnerFile" name="runScenario" time="6.714"/>
  <testcase classname="com.runner.RunnerFile" name="runScenario" time="6.425"/>
</testsuite> <!-- com.runner.RunnerFile -->
