<?xml version="1.0" encoding="UTF-8"?>
<!-- Generated by org.testng.reporters.JUnitXMLReporter -->
<testsuite ignored="0" hostname="Thoushika" failures="1" tests="4" name="Default test" time="50.179" errors="0" timestamp="2025-04-07T17:05:25 IST">
  <testcase classname="io.cucumber.testng.AbstractTestNGCucumberTests" name="runScenario" time="22.897">
    <failure type="java.lang.AssertionError">
      <![CDATA[java.lang.AssertionError
at com.definitions.WishlistDefinitions.the_product_should_be_present_in_the_wishlist(WishlistDefinitions.java:47)
at ✽.the product "3rd Album" should be present in the wishlist(file:///C:/Users/thous/git/DemoWebShopProject/com.DemoWebShopProject/src/test/resources/AddToWishlist.feature:8)
]]>
    </failure>
  </testcase> <!-- runScenario -->
  <testcase classname="io.cucumber.testng.AbstractTestNGCucumberTests" name="runScenario" time="6.954"/>
  <testcase classname="io.cucumber.testng.AbstractTestNGCucumberTests" name="runScenario" time="6.209"/>
  <testcase classname="io.cucumber.testng.AbstractTestNGCucumberTests" name="runScenario" time="11.32"/>
</testsuite> <!-- Default test -->
